This mapping 'snapshot_20160518' was designed for MC 1.9.4! Use at your own peril.This mapping 'snapshot_20160518' was designed for MC 1.9.4! Use at your own peril.

:deobfCompileDummyTask
:deobfProvidedDummyTask
:sourceApiJava UP-TO-DATE
:compileApiJava UP-TO-DATE
:processApiResources UP-TO-DATE
:apiClasses UP-TO-DATE
:sourceMainJava UP-TO-DATE
:compileJavawarning: [options] bootstrap class path not set in conjunction with -source 1.6
1 warning

:processResources UP-TO-DATE
:classes
:jar UP-TO-DATE
:sourceTestJava UP-TO-DATE
:compileTestJava UP-TO-DATE
:processTestResources UP-TO-DATE
:testClasses UP-TO-DATE
:test UP-TO-DATE
:extractMcpData SKIPPED
:extractMcpMappings SKIPPED
:getVersionJson
:extractUserdev UP-TO-DATE
:genSrgs SKIPPED
:reobfJar
:extractRangemapReplacedMain
C:\Users\dugging\Desktop\Forge Modding\projects\psipieces\build\sources\main\java
:retromapReplacedMain
remapping source...
:sourceJar
:assemble
:check UP-TO-DATE
:build

BUILD SUCCESSFUL

Total time: 2.565 secs
