[17:55:55] [Client thread/INFO]: Setting user: Player454
[17:55:58] [Client thread/WARN]: Skipping bad option: lastServer:
[17:55:58] [Client thread/INFO]: LWJGL Version: 2.9.4
[17:56:01] [Client thread/INFO]: Reloading ResourceManager: Default, FMLFileResourcePack:Forge Mod Loader, FMLFileResourcePack:Minecraft Forge, FMLFileResourcePack:Psi, FMLFileResourcePack:PSI Pieces
[17:56:03] [Sound Library Loader/INFO]: Starting up SoundSystem...
[17:56:03] [Thread-9/INFO]: Initializing LWJGL OpenAL
[17:56:03] [Thread-9/INFO]: (The LWJGL binding of OpenAL.  For more information, see http://www.lwjgl.org)
[17:56:03] [Thread-9/INFO]: OpenAL initialized.
[17:56:04] [Sound Library Loader/INFO]: Sound engine started
[17:56:05] [Client thread/INFO]: Created: 16x16 textures-atlas
[17:56:06] [Client thread/INFO]: Reloading ResourceManager: Default, FMLFileResourcePack:Forge Mod Loader, FMLFileResourcePack:Minecraft Forge, FMLFileResourcePack:Psi, FMLFileResourcePack:PSI Pieces
[17:56:08] [Client thread/INFO]: SoundSystem shutting down...
[17:56:08] [Client thread/WARN]: Author: Paul Lamb, www.paulscode.com
[17:56:08] [Sound Library Loader/INFO]: Starting up SoundSystem...
[17:56:08] [Thread-11/INFO]: Initializing LWJGL OpenAL
[17:56:08] [Thread-11/INFO]: (The LWJGL binding of OpenAL.  For more information, see http://www.lwjgl.org)
[17:56:08] [Thread-11/INFO]: OpenAL initialized.
[17:56:08] [Sound Library Loader/INFO]: Sound engine started
[17:56:09] [Client thread/INFO]: Created: 1024x512 textures-atlas
[17:56:11] [Client thread/WARN]: Skipping bad option: lastServer:
[17:56:11] [Realms Notification Availability checker #1/INFO]: Could not authorize you against Realms server: Invalid session id
[17:56:15] [Server thread/INFO]: Starting integrated minecraft server version 1.10
[17:56:15] [Server thread/INFO]: Generating keypair
[17:56:15] [Server thread/INFO]: Preparing start region for level 0
[17:56:16] [Server thread/INFO]: Changing view distance to 12, from 10
[17:56:16] [Server thread/INFO]: Player454[local:E:198215e0] logged in with entity id 145 at (-538.4317989089022, 56.0, 957.9435409529784)
[17:56:16] [Server thread/INFO]: Player454 joined the game
[17:56:17] [Server thread/INFO]: Saving and pausing game...
[17:56:17] [Server thread/INFO]: Saving chunks for level 'New World'/Overworld
[17:56:17] [Server thread/INFO]: Saving chunks for level 'New World'/Nether
[17:56:17] [Server thread/INFO]: Saving chunks for level 'New World'/The End
[17:56:17] [pool-2-thread-1/WARN]: Couldn't look up profile properties for com.mojang.authlib.GameProfile@276fe865[id=50e3702d-f577-3e44-8b3c-fb2dc8cfae65,name=Player454,properties={},legacy=false]
com.mojang.authlib.exceptions.AuthenticationException: The client has sent too many requests within a certain amount of time
	at com.mojang.authlib.yggdrasil.YggdrasilAuthenticationService.makeRequest(YggdrasilAuthenticationService.java:65) ~[YggdrasilAuthenticationService.class:?]
	at com.mojang.authlib.yggdrasil.YggdrasilMinecraftSessionService.fillGameProfile(YggdrasilMinecraftSessionService.java:175) [YggdrasilMinecraftSessionService.class:?]
	at com.mojang.authlib.yggdrasil.YggdrasilMinecraftSessionService$1.load(YggdrasilMinecraftSessionService.java:59) [YggdrasilMinecraftSessionService$1.class:?]
	at com.mojang.authlib.yggdrasil.YggdrasilMinecraftSessionService$1.load(YggdrasilMinecraftSessionService.java:56) [YggdrasilMinecraftSessionService$1.class:?]
	at com.google.common.cache.LocalCache$LoadingValueReference.loadFuture(LocalCache.java:3524) [guava-17.0.jar:?]
	at com.google.common.cache.LocalCache$Segment.loadSync(LocalCache.java:2317) [guava-17.0.jar:?]
	at com.google.common.cache.LocalCache$Segment.lockedGetOrLoad(LocalCache.java:2280) [guava-17.0.jar:?]
	at com.google.common.cache.LocalCache$Segment.get(LocalCache.java:2195) [guava-17.0.jar:?]
	at com.google.common.cache.LocalCache.get(LocalCache.java:3934) [guava-17.0.jar:?]
	at com.google.common.cache.LocalCache.getOrLoad(LocalCache.java:3938) [guava-17.0.jar:?]
	at com.google.common.cache.LocalCache$LocalLoadingCache.get(LocalCache.java:4821) [guava-17.0.jar:?]
	at com.google.common.cache.LocalCache$LocalLoadingCache.getUnchecked(LocalCache.java:4827) [guava-17.0.jar:?]
	at com.mojang.authlib.yggdrasil.YggdrasilMinecraftSessionService.fillProfileProperties(YggdrasilMinecraftSessionService.java:165) [YggdrasilMinecraftSessionService.class:?]
	at net.minecraft.client.Minecraft.getProfileProperties(Minecraft.java:3060) [Minecraft.class:?]
	at net.minecraft.client.resources.SkinManager$3.run(SkinManager.java:131) [SkinManager$3.class:?]
	at java.util.concurrent.Executors$RunnableAdapter.call(Executors.java:511) [?:1.8.0_91]
	at java.util.concurrent.FutureTask.run(FutureTask.java:266) [?:1.8.0_91]
	at java.util.concurrent.ThreadPoolExecutor.runWorker(ThreadPoolExecutor.java:1142) [?:1.8.0_91]
	at java.util.concurrent.ThreadPoolExecutor$Worker.run(ThreadPoolExecutor.java:617) [?:1.8.0_91]
	at java.lang.Thread.run(Thread.java:745) [?:1.8.0_91]
[17:56:19] [Server thread/INFO]: Saving and pausing game...
[17:56:19] [Server thread/INFO]: Saving chunks for level 'New World'/Overworld
[17:56:19] [Server thread/INFO]: Saving chunks for level 'New World'/Nether
[17:56:19] [Server thread/INFO]: Saving chunks for level 'New World'/The End
[17:56:45] [Server thread/INFO]: Saving and pausing game...
[17:56:45] [Server thread/INFO]: Saving chunks for level 'New World'/Overworld
[17:56:45] [Server thread/INFO]: Saving chunks for level 'New World'/Nether
[17:56:45] [Server thread/INFO]: Saving chunks for level 'New World'/The End
[17:57:19] [Server thread/INFO]: Saving and pausing game...
[17:57:19] [Server thread/INFO]: Saving chunks for level 'New World'/Overworld
[17:57:19] [Server thread/INFO]: Saving chunks for level 'New World'/Nether
[17:57:19] [Server thread/INFO]: Saving chunks for level 'New World'/The End
[17:57:51] [Server thread/INFO]: Saving and pausing game...
[17:57:51] [Server thread/INFO]: Saving chunks for level 'New World'/Overworld
[17:57:51] [Server thread/INFO]: Saving chunks for level 'New World'/Nether
[17:57:51] [Server thread/INFO]: Saving chunks for level 'New World'/The End
[17:58:22] [Server thread/INFO]: Saving and pausing game...
[17:58:22] [Server thread/INFO]: Saving chunks for level 'New World'/Overworld
[17:58:22] [Server thread/INFO]: Saving chunks for level 'New World'/Nether
[17:58:22] [Server thread/INFO]: Saving chunks for level 'New World'/The End
[17:58:36] [Server thread/INFO]: Saving and pausing game...
[17:58:36] [Server thread/INFO]: Saving chunks for level 'New World'/Overworld
[17:58:36] [Server thread/INFO]: Saving chunks for level 'New World'/Nether
[17:58:36] [Server thread/INFO]: Saving chunks for level 'New World'/The End
[17:58:53] [Server thread/INFO]: Saving and pausing game...
[17:58:53] [Server thread/INFO]: Saving chunks for level 'New World'/Overworld
[17:58:53] [Server thread/INFO]: Saving chunks for level 'New World'/Nether
[17:58:53] [Server thread/INFO]: Saving chunks for level 'New World'/The End
[17:58:54] [Server thread/INFO]: Stopping server
[17:58:54] [Server thread/INFO]: Saving players
[17:58:54] [Server thread/INFO]: Saving worlds
[17:58:54] [Server thread/INFO]: Saving chunks for level 'New World'/Overworld
[17:58:54] [Server thread/INFO]: Saving chunks for level 'New World'/Nether
[17:58:54] [Server thread/INFO]: Saving chunks for level 'New World'/The End
[17:58:56] [Client thread/INFO]: Stopping!
[17:58:56] [Client thread/INFO]: SoundSystem shutting down...
[17:58:56] [Client thread/WARN]: Author: Paul Lamb, www.paulscode.com
